2018-07-11 14:06:04 [scrapy] INFO: Scrapy 1.1.1 started (bot: TencentSpider)
2018-07-11 14:06:04 [scrapy] INFO: Overridden settings: {'NEWSPIDER_MODULE': 'TencentSpider.spiders', 'SPIDER_MODULES': ['TencentSpider.spiders'], 'LOG_FILE': 'tencentPosition.log', 'LOG_LEVEL': 'INFO', 'BOT_NAME': 'TencentSpider'}
2018-07-11 14:06:04 [scrapy] INFO: Enabled extensions:
['scrapy.extensions.logstats.LogStats',
 'scrapy.extensions.telnet.TelnetConsole',
 'scrapy.extensions.corestats.CoreStats']
2018-07-11 14:06:04 [scrapy] INFO: Enabled downloader middlewares:
['scrapy.downloadermiddlewares.httpauth.HttpAuthMiddleware',
 'scrapy.downloadermiddlewares.downloadtimeout.DownloadTimeoutMiddleware',
 'scrapy.downloadermiddlewares.useragent.UserAgentMiddleware',
 'scrapy.downloadermiddlewares.retry.RetryMiddleware',
 'scrapy.downloadermiddlewares.defaultheaders.DefaultHeadersMiddleware',
 'scrapy.downloadermiddlewares.redirect.MetaRefreshMiddleware',
 'scrapy.downloadermiddlewares.httpcompression.HttpCompressionMiddleware',
 'scrapy.downloadermiddlewares.redirect.RedirectMiddleware',
 'scrapy.downloadermiddlewares.cookies.CookiesMiddleware',
 'scrapy.downloadermiddlewares.chunked.ChunkedTransferMiddleware',
 'scrapy.downloadermiddlewares.stats.DownloaderStats']
2018-07-11 14:06:04 [scrapy] INFO: Enabled spider middlewares:
['scrapy.spidermiddlewares.httperror.HttpErrorMiddleware',
 'scrapy.spidermiddlewares.offsite.OffsiteMiddleware',
 'scrapy.spidermiddlewares.referer.RefererMiddleware',
 'scrapy.spidermiddlewares.urllength.UrlLengthMiddleware',
 'scrapy.spidermiddlewares.depth.DepthMiddleware']
2018-07-11 14:06:04 [scrapy] INFO: Enabled item pipelines:
['TencentSpider.pipelines.PositionPipeline']
2018-07-11 14:06:04 [scrapy] INFO: Spider opened
2018-07-11 14:06:04 [scrapy] INFO: Crawled 0 pages (at 0 pages/min), scraped 0 items (at 0 items/min)
2018-07-11 14:06:22 [scrapy] INFO: Closing spider (finished)
2018-07-11 14:06:22 [scrapy] INFO: Dumping Scrapy stats:
{'downloader/request_bytes': 91295,
 'downloader/request_count': 376,
 'downloader/request_method_count/GET': 376,
 'downloader/response_bytes': 1483815,
 'downloader/response_count': 376,
 'downloader/response_status_count/200': 375,
 'downloader/response_status_count/301': 1,
 'dupefilter/filtered': 2622,
 'finish_reason': 'finished',
 'finish_time': datetime.datetime(2018, 7, 11, 6, 6, 22, 918331),
 'item_scraped_count': 3733,
 'log_count/INFO': 7,
 'request_depth_max': 55,
 'response_received_count': 375,
 'scheduler/dequeued': 376,
 'scheduler/dequeued/memory': 376,
 'scheduler/enqueued': 376,
 'scheduler/enqueued/memory': 376,
 'start_time': datetime.datetime(2018, 7, 11, 6, 6, 4, 712437)}
2018-07-11 14:06:22 [scrapy] INFO: Spider closed (finished)
